Determining if the pthread_create exist failed with the following output:
Change Dir: /cs/usr/shahaf.hermann/os2test/cmake-build-debug/CMakeFiles/CMakeTmp

Run Build Command(s):/usr/bin/make cmTC_a5985/fast 
/usr/bin/make -f CMakeFiles/cmTC_a5985.dir/build.make CMakeFiles/cmTC_a5985.dir/build
make[1]: Entering directory '/cs/usr/shahaf.hermann/os2test/cmake-build-debug/CMakeFiles/CMakeTmp'
Building C object CMakeFiles/cmTC_a5985.dir/CheckSymbolExists.c.o
/usr/bin/cc    -o CMakeFiles/cmTC_a5985.dir/CheckSymbolExists.c.o   -c /cs/usr/shahaf.hermann/os2test/cmake-build-debug/CMakeFiles/CMakeTmp/CheckSymbolExists.c
Linking C executable cmTC_a5985
/usr/local/APP/jetbrains/clion/2019.2.1/bin/cmake/linux/bin/cmake -E cmake_link_script CMakeFiles/cmTC_a5985.dir/link.txt --verbose=1
/usr/bin/cc      -rdynamic CMakeFiles/cmTC_a5985.dir/CheckSymbolExists.c.o  -o cmTC_a5985 
/usr/bin/ld: CMakeFiles/cmTC_a5985.dir/CheckSymbolExists.c.o: in function `main':
CheckSymbolExists.c:(.text+0x1b): undefined reference to `pthread_create'
collect2: error: ld returned 1 exit status
make[1]: *** [CMakeFiles/cmTC_a5985.dir/build.make:87: cmTC_a5985] Error 1
make[1]: Leaving directory '/cs/usr/shahaf.hermann/os2test/cmake-build-debug/CMakeFiles/CMakeTmp'
make: *** [Makefile:121: cmTC_a5985/fast] Error 2

File /cs/usr/shahaf.hermann/os2test/cmake-build-debug/CMakeFiles/CMakeTmp/CheckSymbolExists.c:
/* */
#include <pthread.h>

int main(int argc, char** argv)
{
  (void)argv;
#ifndef pthread_create
  return ((int*)(&pthread_create))[argc];
#else
  (void)argc;
  return 0;
#endif
}

Determining if the function pthread_create exists in the pthreads failed with the following output:
Change Dir: /cs/usr/shahaf.hermann/os2test/cmake-build-debug/CMakeFiles/CMakeTmp

Run Build Command(s):/usr/bin/make cmTC_4e783/fast 
/usr/bin/make -f CMakeFiles/cmTC_4e783.dir/build.make CMakeFiles/cmTC_4e783.dir/build
make[1]: Entering directory '/cs/usr/shahaf.hermann/os2test/cmake-build-debug/CMakeFiles/CMakeTmp'
Building C object CMakeFiles/cmTC_4e783.dir/CheckFunctionExists.c.o
/usr/bin/cc   -DCHECK_FUNCTION_EXISTS=pthread_create   -o CMakeFiles/cmTC_4e783.dir/CheckFunctionExists.c.o   -c /usr/local/APP/jetbrains/clion/2019.2.1/bin/cmake/linux/share/cmake-3.14/Modules/CheckFunctionExists.c
Linking C executable cmTC_4e783
/usr/local/APP/jetbrains/clion/2019.2.1/bin/cmake/linux/bin/cmake -E cmake_link_script CMakeFiles/cmTC_4e783.dir/link.txt --verbose=1
/usr/bin/cc  -DCHECK_FUNCTION_EXISTS=pthread_create    -rdynamic CMakeFiles/cmTC_4e783.dir/CheckFunctionExists.c.o  -o cmTC_4e783 -lpthreads 
/usr/bin/ld: cannot find -lpthreads
collect2: error: ld returned 1 exit status
make[1]: *** [CMakeFiles/cmTC_4e783.dir/build.make:87: cmTC_4e783] Error 1
make[1]: Leaving directory '/cs/usr/shahaf.hermann/os2test/cmake-build-debug/CMakeFiles/CMakeTmp'
make: *** [Makefile:121: cmTC_4e783/fast] Error 2


